<?xml version="1.0" encoding="UTF-8"?>
<testsuite xmlns:xsi="http://www.w3.org/2001/XMLSchema-instance" xsi:noNamespaceSchemaLocation="https://maven.apache.org/surefire/maven-surefire-plugin/xsd/surefire-test-report.xsd" version="3.0.2" name="com.jjohnnys.psa.infrastructure.repository.AppointmentRepositoryTest$SaveAndFind" time="0.21" tests="5" errors="0" skipped="0" failures="0">
  <properties>
[...]
</properties>
  <testcase name="shouldFindByPsychologistId" classname="com.jjohnnys.psa.infrastructure.repository.AppointmentRepositoryTest$SaveAndFind" time="0.047">
    <system-out><![CDATA[2026-04-15T23:48:36.795-03:00  INFO 8216 --- [psychoanalysis-system-api] [           main] t.c.s.AnnotationConfigContextLoaderUtils : Could not detect default configuration classes for test class [com.jjohnnys.psa.infrastructure.repository.AppointmentRepositoryTest$SaveAndFind]: SaveAndFind does not declare any static, non-private, non-final, nested classes annotated with @Configuration.
2026-04-15T23:48:36.811-03:00  INFO 8216 --- [psychoanalysis-system-api] [           main] .b.t.c.SpringBootTestContextBootstrapper : Found @SpringBootConfiguration com.jjohnnys.psa.PsychanalysisSystemApiApplication for test class com.jjohnnys.psa.infrastructure.repository.AppointmentRepositoryTest$SaveAndFind
2026-04-15T23:48:36.815-03:00 DEBUG 8216 --- [psychoanalysis-system-api] [           main] o.s.jdbc.support.JdbcTransactionManager  : Creating new transaction with name [com.jjohnnys.psa.infrastructure.repository.AppointmentRepositoryTest$SaveAndFind.shouldFindByPsychologistId]: PROPAGATION_REQUIRED,ISOLATION_DEFAULT
2026-04-15T23:48:36.816-03:00 DEBUG 8216 --- [psychoanalysis-system-api] [           main] o.s.jdbc.support.JdbcTransactionManager  : Acquired Connection [HikariProxyConnection@1241213245 wrapping org.postgresql.jdbc.PgConnection@4b336cc8] for JDBC transaction
2026-04-15T23:48:36.816-03:00 DEBUG 8216 --- [psychoanalysis-system-api] [           main] o.s.jdbc.support.JdbcTransactionManager  : Switching JDBC Connection [HikariProxyConnection@1241213245 wrapping org.postgresql.jdbc.PgConnection@4b336cc8] to manual commit
2026-04-15T23:48:36.818-03:00 DEBUG 8216 --- [psychoanalysis-system-api] [           main] o.s.jdbc.core.JdbcTemplate               : Executing prepared SQL update
2026-04-15T23:48:36.818-03:00 DEBUG 8216 --- [psychoanalysis-system-api] [           main] o.s.jdbc.core.JdbcTemplate               : Executing prepared SQL statement [DELETE FROM clinical_evolutions]
2026-04-15T23:48:36.821-03:00 DEBUG 8216 --- [psychoanalysis-system-api] [           main] o.s.jdbc.core.JdbcTemplate               : Executing prepared SQL update
2026-04-15T23:48:36.821-03:00 DEBUG 8216 --- [psychoanalysis-system-api] [           main] o.s.jdbc.core.JdbcTemplate               : Executing prepared SQL statement [DELETE FROM appointments]
2026-04-15T23:48:36.824-03:00 DEBUG 8216 --- [psychoanalysis-system-api] [           main] o.s.jdbc.core.JdbcTemplate               : Executing prepared SQL update
2026-04-15T23:48:36.825-03:00 DEBUG 8216 --- [psychoanalysis-system-api] [           main] o.s.jdbc.core.JdbcTemplate               : Executing prepared SQL statement [DELETE FROM patients]
2026-04-15T23:48:36.829-03:00 DEBUG 8216 --- [psychoanalysis-system-api] [           main] o.s.jdbc.core.JdbcTemplate               : Executing prepared SQL update
2026-04-15T23:48:36.830-03:00 DEBUG 8216 --- [psychoanalysis-system-api] [           main] o.s.jdbc.core.JdbcTemplate               : Executing prepared SQL statement [DELETE FROM psychologists]
2026-04-15T23:48:36.832-03:00 DEBUG 8216 --- [psychoanalysis-system-api] [           main] o.s.jdbc.core.JdbcTemplate               : Executing prepared SQL update
2026-04-15T23:48:36.833-03:00 DEBUG 8216 --- [psychoanalysis-system-api] [           main] o.s.jdbc.core.JdbcTemplate               : Executing prepared SQL statement [INSERT INTO patients (id, name, cpf, birth_date, email, phone, guardian_id, active, created_at, updated_at)
VALUES (?, ?, ?, ?, ?, ?, ?, ?, ?, ?)
]
2026-04-15T23:48:36.834-03:00 DEBUG 8216 --- [psychoanalysis-system-api] [           main] o.s.jdbc.core.JdbcTemplate               : Executing prepared SQL update
2026-04-15T23:48:36.834-03:00 DEBUG 8216 --- [psychoanalysis-system-api] [           main] o.s.jdbc.core.JdbcTemplate               : Executing prepared SQL statement [INSERT INTO psychologists (id, name, crp, specialty, base_session_rate, created_at, updated_at)
VALUES (?, ?, ?, ?, ?, ?, ?)
]
2026-04-15T23:48:36.837-03:00 DEBUG 8216 --- [psychoanalysis-system-api] [           main] o.s.jdbc.core.JdbcTemplate               : Executing prepared SQL update
2026-04-15T23:48:36.837-03:00 DEBUG 8216 --- [psychoanalysis-system-api] [           main] o.s.jdbc.core.JdbcTemplate               : Executing prepared SQL statement [INSERT INTO appointments (id, patient_id, psychologist_id, start_date_time, end_date_time,
                          status, applied_value, created_at, updated_at)
VALUES (?, ?, ?, ?, ?,
        ?, ?, ?, ?)
]
2026-04-15T23:48:36.840-03:00 DEBUG 8216 --- [psychoanalysis-system-api] [           main] o.s.jdbc.core.JdbcTemplate               : Executing prepared SQL query
2026-04-15T23:48:36.840-03:00 DEBUG 8216 --- [psychoanalysis-system-api] [           main] o.s.jdbc.core.JdbcTemplate               : Executing prepared SQL statement [SELECT * FROM appointments WHERE psychologist_id = ?
ORDER BY start_date_time DESC
]
2026-04-15T23:48:36.857-03:00 DEBUG 8216 --- [psychoanalysis-system-api] [           main] o.s.jdbc.support.JdbcTransactionManager  : Initiating transaction rollback
2026-04-15T23:48:36.857-03:00 DEBUG 8216 --- [psychoanalysis-system-api] [           main] o.s.jdbc.support.JdbcTransactionManager  : Rolling back JDBC transaction on Connection [HikariProxyConnection@1241213245 wrapping org.postgresql.jdbc.PgConnection@4b336cc8]
2026-04-15T23:48:36.860-03:00 DEBUG 8216 --- [psychoanalysis-system-api] [           main] o.s.jdbc.support.JdbcTransactionManager  : Releasing JDBC Connection [HikariProxyConnection@1241213245 wrapping org.postgresql.jdbc.PgConnection@4b336cc8] after transaction
]]></system-out>
  </testcase>
  <testcase name="shouldFindByStatus" classname="com.jjohnnys.psa.infrastructure.repository.AppointmentRepositoryTest$SaveAndFind" time="0.041">
    <system-out><![CDATA[2026-04-15T23:48:36.864-03:00 DEBUG 8216 --- [psychoanalysis-system-api] [           main] o.s.jdbc.support.JdbcTransactionManager  : Creating new transaction with name [com.jjohnnys.psa.infrastructure.repository.AppointmentRepositoryTest$SaveAndFind.shouldFindByStatus]: PROPAGATION_REQUIRED,ISOLATION_DEFAULT
2026-04-15T23:48:36.864-03:00 DEBUG 8216 --- [psychoanalysis-system-api] [           main] o.s.jdbc.support.JdbcTransactionManager  : Acquired Connection [HikariProxyConnection@1772262616 wrapping org.postgresql.jdbc.PgConnection@4b336cc8] for JDBC transaction
2026-04-15T23:48:36.864-03:00 DEBUG 8216 --- [psychoanalysis-system-api] [           main] o.s.jdbc.support.JdbcTransactionManager  : Switching JDBC Connection [HikariProxyConnection@1772262616 wrapping org.postgresql.jdbc.PgConnection@4b336cc8] to manual commit
2026-04-15T23:48:36.865-03:00 DEBUG 8216 --- [psychoanalysis-system-api] [           main] o.s.jdbc.core.JdbcTemplate               : Executing prepared SQL update
2026-04-15T23:48:36.866-03:00 DEBUG 8216 --- [psychoanalysis-system-api] [           main] o.s.jdbc.core.JdbcTemplate               : Executing prepared SQL statement [DELETE FROM clinical_evolutions]
2026-04-15T23:48:36.867-03:00 DEBUG 8216 --- [psychoanalysis-system-api] [           main] o.s.jdbc.core.JdbcTemplate               : Executing prepared SQL update
2026-04-15T23:48:36.867-03:00 DEBUG 8216 --- [psychoanalysis-system-api] [           main] o.s.jdbc.core.JdbcTemplate               : Executing prepared SQL statement [DELETE FROM appointments]
2026-04-15T23:48:36.869-03:00 DEBUG 8216 --- [psychoanalysis-system-api] [           main] o.s.jdbc.core.JdbcTemplate               : Executing prepared SQL update
2026-04-15T23:48:36.869-03:00 DEBUG 8216 --- [psychoanalysis-system-api] [           main] o.s.jdbc.core.JdbcTemplate               : Executing prepared SQL statement [DELETE FROM patients]
2026-04-15T23:48:36.870-03:00 DEBUG 8216 --- [psychoanalysis-system-api] [           main] o.s.jdbc.core.JdbcTemplate               : Executing prepared SQL update
2026-04-15T23:48:36.871-03:00 DEBUG 8216 --- [psychoanalysis-system-api] [           main] o.s.jdbc.core.JdbcTemplate               : Executing prepared SQL statement [DELETE FROM psychologists]
2026-04-15T23:48:36.872-03:00 DEBUG 8216 --- [psychoanalysis-system-api] [           main] o.s.jdbc.core.JdbcTemplate               : Executing prepared SQL update
2026-04-15T23:48:36.872-03:00 DEBUG 8216 --- [psychoanalysis-system-api] [           main] o.s.jdbc.core.JdbcTemplate               : Executing prepared SQL statement [INSERT INTO patients (id, name, cpf, birth_date, email, phone, guardian_id, active, created_at, updated_at)
VALUES (?, ?, ?, ?, ?, ?, ?, ?, ?, ?)
]
2026-04-15T23:48:36.874-03:00 DEBUG 8216 --- [psychoanalysis-system-api] [           main] o.s.jdbc.core.JdbcTemplate               : Executing prepared SQL update
2026-04-15T23:48:36.875-03:00 DEBUG 8216 --- [psychoanalysis-system-api] [           main] o.s.jdbc.core.JdbcTemplate               : Executing prepared SQL statement [INSERT INTO psychologists (id, name, crp, specialty, base_session_rate, created_at, updated_at)
VALUES (?, ?, ?, ?, ?, ?, ?)
]
2026-04-15T23:48:36.878-03:00 DEBUG 8216 --- [psychoanalysis-system-api] [           main] o.s.jdbc.core.JdbcTemplate               : Executing prepared SQL update
2026-04-15T23:48:36.878-03:00 DEBUG 8216 --- [psychoanalysis-system-api] [           main] o.s.jdbc.core.JdbcTemplate               : Executing prepared SQL statement [INSERT INTO appointments (id, patient_id, psychologist_id, start_date_time, end_date_time,
                          status, applied_value, created_at, updated_at)
VALUES (?, ?, ?, ?, ?,
        ?, ?, ?, ?)
]
2026-04-15T23:48:36.882-03:00 DEBUG 8216 --- [psychoanalysis-system-api] [           main] o.s.jdbc.core.JdbcTemplate               : Executing prepared SQL query
2026-04-15T23:48:36.882-03:00 DEBUG 8216 --- [psychoanalysis-system-api] [           main] o.s.jdbc.core.JdbcTemplate               : Executing prepared SQL statement [SELECT * FROM appointments WHERE status = ? ORDER BY start_date_time]
2026-04-15T23:48:36.889-03:00 DEBUG 8216 --- [psychoanalysis-system-api] [           main] o.s.jdbc.core.JdbcTemplate               : Executing prepared SQL update
2026-04-15T23:48:36.889-03:00 DEBUG 8216 --- [psychoanalysis-system-api] [           main] o.s.jdbc.core.JdbcTemplate               : Executing prepared SQL statement [UPDATE appointments
SET status = ?, applied_value = ?,
    start_date_time = ?, end_date_time = ?,
    updated_at = ?
WHERE id = ?
]
2026-04-15T23:48:36.892-03:00 DEBUG 8216 --- [psychoanalysis-system-api] [           main] o.s.jdbc.core.JdbcTemplate               : Executing prepared SQL query
2026-04-15T23:48:36.892-03:00 DEBUG 8216 --- [psychoanalysis-system-api] [           main] o.s.jdbc.core.JdbcTemplate               : Executing prepared SQL statement [SELECT * FROM appointments WHERE status = ? ORDER BY start_date_time]
2026-04-15T23:48:36.896-03:00 DEBUG 8216 --- [psychoanalysis-system-api] [           main] o.s.jdbc.core.JdbcTemplate               : Executing prepared SQL query
2026-04-15T23:48:36.897-03:00 DEBUG 8216 --- [psychoanalysis-system-api] [           main] o.s.jdbc.core.JdbcTemplate               : Executing prepared SQL statement [SELECT * FROM appointments WHERE status = ? ORDER BY start_date_time]
2026-04-15T23:48:36.900-03:00 DEBUG 8216 --- [psychoanalysis-system-api] [           main] o.s.jdbc.support.JdbcTransactionManager  : Initiating transaction rollback
2026-04-15T23:48:36.900-03:00 DEBUG 8216 --- [psychoanalysis-system-api] [           main] o.s.jdbc.support.JdbcTransactionManager  : Rolling back JDBC transaction on Connection [HikariProxyConnection@1772262616 wrapping org.postgresql.jdbc.PgConnection@4b336cc8]
2026-04-15T23:48:36.902-03:00 DEBUG 8216 --- [psychoanalysis-system-api] [           main] o.s.jdbc.support.JdbcTransactionManager  : Releasing JDBC Connection [HikariProxyConnection@1772262616 wrapping org.postgresql.jdbc.PgConnection@4b336cc8] after transaction
]]></system-out>
  </testcase>
  <testcase name="shouldFindByPatientId" classname="com.jjohnnys.psa.infrastructure.repository.AppointmentRepositoryTest$SaveAndFind" time="0.038">
    <system-out><![CDATA[2026-04-15T23:48:36.907-03:00 DEBUG 8216 --- [psychoanalysis-system-api] [           main] o.s.jdbc.support.JdbcTransactionManager  : Creating new transaction with name [com.jjohnnys.psa.infrastructure.repository.AppointmentRepositoryTest$SaveAndFind.shouldFindByPatientId]: PROPAGATION_REQUIRED,ISOLATION_DEFAULT
2026-04-15T23:48:36.907-03:00 DEBUG 8216 --- [psychoanalysis-system-api] [           main] o.s.jdbc.support.JdbcTransactionManager  : Acquired Connection [HikariProxyConnection@1897978534 wrapping org.postgresql.jdbc.PgConnection@4b336cc8] for JDBC transaction
2026-04-15T23:48:36.907-03:00 DEBUG 8216 --- [psychoanalysis-system-api] [           main] o.s.jdbc.support.JdbcTransactionManager  : Switching JDBC Connection [HikariProxyConnection@1897978534 wrapping org.postgresql.jdbc.PgConnection@4b336cc8] to manual commit
2026-04-15T23:48:36.909-03:00 DEBUG 8216 --- [psychoanalysis-system-api] [           main] o.s.jdbc.core.JdbcTemplate               : Executing prepared SQL update
2026-04-15T23:48:36.909-03:00 DEBUG 8216 --- [psychoanalysis-system-api] [           main] o.s.jdbc.core.JdbcTemplate               : Executing prepared SQL statement [DELETE FROM clinical_evolutions]
2026-04-15T23:48:36.911-03:00 DEBUG 8216 --- [psychoanalysis-system-api] [           main] o.s.jdbc.core.JdbcTemplate               : Executing prepared SQL update
2026-04-15T23:48:36.913-03:00 DEBUG 8216 --- [psychoanalysis-system-api] [           main] o.s.jdbc.core.JdbcTemplate               : Executing prepared SQL statement [DELETE FROM appointments]
2026-04-15T23:48:36.917-03:00 DEBUG 8216 --- [psychoanalysis-system-api] [           main] o.s.jdbc.core.JdbcTemplate               : Executing prepared SQL update
2026-04-15T23:48:36.918-03:00 DEBUG 8216 --- [psychoanalysis-system-api] [           main] o.s.jdbc.core.JdbcTemplate               : Executing prepared SQL statement [DELETE FROM patients]
2026-04-15T23:48:36.919-03:00 DEBUG 8216 --- [psychoanalysis-system-api] [           main] o.s.jdbc.core.JdbcTemplate               : Executing prepared SQL update
2026-04-15T23:48:36.919-03:00 DEBUG 8216 --- [psychoanalysis-system-api] [           main] o.s.jdbc.core.JdbcTemplate               : Executing prepared SQL statement [DELETE FROM psychologists]
2026-04-15T23:48:36.921-03:00 DEBUG 8216 --- [psychoanalysis-system-api] [           main] o.s.jdbc.core.JdbcTemplate               : Executing prepared SQL update
2026-04-15T23:48:36.921-03:00 DEBUG 8216 --- [psychoanalysis-system-api] [           main] o.s.jdbc.core.JdbcTemplate               : Executing prepared SQL statement [INSERT INTO patients (id, name, cpf, birth_date, email, phone, guardian_id, active, created_at, updated_at)
VALUES (?, ?, ?, ?, ?, ?, ?, ?, ?, ?)
]
2026-04-15T23:48:36.924-03:00 DEBUG 8216 --- [psychoanalysis-system-api] [           main] o.s.jdbc.core.JdbcTemplate               : Executing prepared SQL update
2026-04-15T23:48:36.924-03:00 DEBUG 8216 --- [psychoanalysis-system-api] [           main] o.s.jdbc.core.JdbcTemplate               : Executing prepared SQL statement [INSERT INTO psychologists (id, name, crp, specialty, base_session_rate, created_at, updated_at)
VALUES (?, ?, ?, ?, ?, ?, ?)
]
2026-04-15T23:48:36.929-03:00 DEBUG 8216 --- [psychoanalysis-system-api] [           main] o.s.jdbc.core.JdbcTemplate               : Executing prepared SQL update
2026-04-15T23:48:36.930-03:00 DEBUG 8216 --- [psychoanalysis-system-api] [           main] o.s.jdbc.core.JdbcTemplate               : Executing prepared SQL statement [INSERT INTO appointments (id, patient_id, psychologist_id, start_date_time, end_date_time,
                          status, applied_value, created_at, updated_at)
VALUES (?, ?, ?, ?, ?,
        ?, ?, ?, ?)
]
2026-04-15T23:48:36.933-03:00 DEBUG 8216 --- [psychoanalysis-system-api] [           main] o.s.jdbc.core.JdbcTemplate               : Executing prepared SQL update
2026-04-15T23:48:36.933-03:00 DEBUG 8216 --- [psychoanalysis-system-api] [           main] o.s.jdbc.core.JdbcTemplate               : Executing prepared SQL statement [INSERT INTO appointments (id, patient_id, psychologist_id, start_date_time, end_date_time,
                          status, applied_value, created_at, updated_at)
VALUES (?, ?, ?, ?, ?,
        ?, ?, ?, ?)
]
2026-04-15T23:48:36.937-03:00 DEBUG 8216 --- [psychoanalysis-system-api] [           main] o.s.jdbc.core.JdbcTemplate               : Executing prepared SQL query
2026-04-15T23:48:36.937-03:00 DEBUG 8216 --- [psychoanalysis-system-api] [           main] o.s.jdbc.core.JdbcTemplate               : Executing prepared SQL statement [SELECT * FROM appointments WHERE patient_id = ? ORDER BY start_date_time DESC]
2026-04-15T23:48:36.941-03:00 DEBUG 8216 --- [psychoanalysis-system-api] [           main] o.s.jdbc.support.JdbcTransactionManager  : Initiating transaction rollback
2026-04-15T23:48:36.941-03:00 DEBUG 8216 --- [psychoanalysis-system-api] [           main] o.s.jdbc.support.JdbcTransactionManager  : Rolling back JDBC transaction on Connection [HikariProxyConnection@1897978534 wrapping org.postgresql.jdbc.PgConnection@4b336cc8]
2026-04-15T23:48:36.942-03:00 DEBUG 8216 --- [psychoanalysis-system-api] [           main] o.s.jdbc.support.JdbcTransactionManager  : Releasing JDBC Connection [HikariProxyConnection@1897978534 wrapping org.postgresql.jdbc.PgConnection@4b336cc8] after transaction
]]></system-out>
  </testcase>
  <testcase name="shouldSaveAndFindById" classname="com.jjohnnys.psa.infrastructure.repository.AppointmentRepositoryTest$SaveAndFind" time="0.029">
    <system-out><![CDATA[2026-04-15T23:48:36.946-03:00 DEBUG 8216 --- [psychoanalysis-system-api] [           main] o.s.jdbc.support.JdbcTransactionManager  : Creating new transaction with name [com.jjohnnys.psa.infrastructure.repository.AppointmentRepositoryTest$SaveAndFind.shouldSaveAndFindById]: PROPAGATION_REQUIRED,ISOLATION_DEFAULT
2026-04-15T23:48:36.946-03:00 DEBUG 8216 --- [psychoanalysis-system-api] [           main] o.s.jdbc.support.JdbcTransactionManager  : Acquired Connection [HikariProxyConnection@231585923 wrapping org.postgresql.jdbc.PgConnection@4b336cc8] for JDBC transaction
2026-04-15T23:48:36.946-03:00 DEBUG 8216 --- [psychoanalysis-system-api] [           main] o.s.jdbc.support.JdbcTransactionManager  : Switching JDBC Connection [HikariProxyConnection@231585923 wrapping org.postgresql.jdbc.PgConnection@4b336cc8] to manual commit
2026-04-15T23:48:36.947-03:00 DEBUG 8216 --- [psychoanalysis-system-api] [           main] o.s.jdbc.core.JdbcTemplate               : Executing prepared SQL update
2026-04-15T23:48:36.947-03:00 DEBUG 8216 --- [psychoanalysis-system-api] [           main] o.s.jdbc.core.JdbcTemplate               : Executing prepared SQL statement [DELETE FROM clinical_evolutions]
2026-04-15T23:48:36.948-03:00 DEBUG 8216 --- [psychoanalysis-system-api] [           main] o.s.jdbc.core.JdbcTemplate               : Executing prepared SQL update
2026-04-15T23:48:36.948-03:00 DEBUG 8216 --- [psychoanalysis-system-api] [           main] o.s.jdbc.core.JdbcTemplate               : Executing prepared SQL statement [DELETE FROM appointments]
2026-04-15T23:48:36.949-03:00 DEBUG 8216 --- [psychoanalysis-system-api] [           main] o.s.jdbc.core.JdbcTemplate               : Executing prepared SQL update
2026-04-15T23:48:36.949-03:00 DEBUG 8216 --- [psychoanalysis-system-api] [           main] o.s.jdbc.core.JdbcTemplate               : Executing prepared SQL statement [DELETE FROM patients]
2026-04-15T23:48:36.951-03:00 DEBUG 8216 --- [psychoanalysis-system-api] [           main] o.s.jdbc.core.JdbcTemplate               : Executing prepared SQL update
2026-04-15T23:48:36.951-03:00 DEBUG 8216 --- [psychoanalysis-system-api] [           main] o.s.jdbc.core.JdbcTemplate               : Executing prepared SQL statement [DELETE FROM psychologists]
2026-04-15T23:48:36.953-03:00 DEBUG 8216 --- [psychoanalysis-system-api] [           main] o.s.jdbc.core.JdbcTemplate               : Executing prepared SQL update
2026-04-15T23:48:36.953-03:00 DEBUG 8216 --- [psychoanalysis-system-api] [           main] o.s.jdbc.core.JdbcTemplate               : Executing prepared SQL statement [INSERT INTO patients (id, name, cpf, birth_date, email, phone, guardian_id, active, created_at, updated_at)
VALUES (?, ?, ?, ?, ?, ?, ?, ?, ?, ?)
]
2026-04-15T23:48:36.955-03:00 DEBUG 8216 --- [psychoanalysis-system-api] [           main] o.s.jdbc.core.JdbcTemplate               : Executing prepared SQL update
2026-04-15T23:48:36.955-03:00 DEBUG 8216 --- [psychoanalysis-system-api] [           main] o.s.jdbc.core.JdbcTemplate               : Executing prepared SQL statement [INSERT INTO psychologists (id, name, crp, specialty, base_session_rate, created_at, updated_at)
VALUES (?, ?, ?, ?, ?, ?, ?)
]
2026-04-15T23:48:36.958-03:00 DEBUG 8216 --- [psychoanalysis-system-api] [           main] o.s.jdbc.core.JdbcTemplate               : Executing prepared SQL update
2026-04-15T23:48:36.958-03:00 DEBUG 8216 --- [psychoanalysis-system-api] [           main] o.s.jdbc.core.JdbcTemplate               : Executing prepared SQL statement [INSERT INTO appointments (id, patient_id, psychologist_id, start_date_time, end_date_time,
                          status, applied_value, created_at, updated_at)
VALUES (?, ?, ?, ?, ?,
        ?, ?, ?, ?)
]
2026-04-15T23:48:36.965-03:00 DEBUG 8216 --- [psychoanalysis-system-api] [           main] o.s.jdbc.core.JdbcTemplate               : Executing prepared SQL query
2026-04-15T23:48:36.965-03:00 DEBUG 8216 --- [psychoanalysis-system-api] [           main] o.s.jdbc.core.JdbcTemplate               : Executing prepared SQL statement [SELECT * FROM appointments WHERE id = ?]
2026-04-15T23:48:36.971-03:00 DEBUG 8216 --- [psychoanalysis-system-api] [           main] o.s.jdbc.support.JdbcTransactionManager  : Initiating transaction rollback
2026-04-15T23:48:36.971-03:00 DEBUG 8216 --- [psychoanalysis-system-api] [           main] o.s.jdbc.support.JdbcTransactionManager  : Rolling back JDBC transaction on Connection [HikariProxyConnection@231585923 wrapping org.postgresql.jdbc.PgConnection@4b336cc8]
2026-04-15T23:48:36.973-03:00 DEBUG 8216 --- [psychoanalysis-system-api] [           main] o.s.jdbc.support.JdbcTransactionManager  : Releasing JDBC Connection [HikariProxyConnection@231585923 wrapping org.postgresql.jdbc.PgConnection@4b336cc8] after transaction
]]></system-out>
  </testcase>
  <testcase name="shouldReturnEmptyWhenNotFound" classname="com.jjohnnys.psa.infrastructure.repository.AppointmentRepositoryTest$SaveAndFind" time="0.02">
    <system-out><![CDATA[2026-04-15T23:48:36.978-03:00 DEBUG 8216 --- [psychoanalysis-system-api] [           main] o.s.jdbc.support.JdbcTransactionManager  : Creating new transaction with name [com.jjohnnys.psa.infrastructure.repository.AppointmentRepositoryTest$SaveAndFind.shouldReturnEmptyWhenNotFound]: PROPAGATION_REQUIRED,ISOLATION_DEFAULT
2026-04-15T23:48:36.978-03:00 DEBUG 8216 --- [psychoanalysis-system-api] [           main] o.s.jdbc.support.JdbcTransactionManager  : Acquired Connection [HikariProxyConnection@1402043538 wrapping org.postgresql.jdbc.PgConnection@4b336cc8] for JDBC transaction
2026-04-15T23:48:36.978-03:00 DEBUG 8216 --- [psychoanalysis-system-api] [           main] o.s.jdbc.support.JdbcTransactionManager  : Switching JDBC Connection [HikariProxyConnection@1402043538 wrapping org.postgresql.jdbc.PgConnection@4b336cc8] to manual commit
2026-04-15T23:48:36.980-03:00 DEBUG 8216 --- [psychoanalysis-system-api] [           main] o.s.jdbc.core.JdbcTemplate               : Executing prepared SQL update
2026-04-15T23:48:36.980-03:00 DEBUG 8216 --- [psychoanalysis-system-api] [           main] o.s.jdbc.core.JdbcTemplate               : Executing prepared SQL statement [DELETE FROM clinical_evolutions]
2026-04-15T23:48:36.982-03:00 DEBUG 8216 --- [psychoanalysis-system-api] [           main] o.s.jdbc.core.JdbcTemplate               : Executing prepared SQL update
2026-04-15T23:48:36.982-03:00 DEBUG 8216 --- [psychoanalysis-system-api] [           main] o.s.jdbc.core.JdbcTemplate               : Executing prepared SQL statement [DELETE FROM appointments]
2026-04-15T23:48:36.984-03:00 DEBUG 8216 --- [psychoanalysis-system-api] [           main] o.s.jdbc.core.JdbcTemplate               : Executing prepared SQL update
2026-04-15T23:48:36.984-03:00 DEBUG 8216 --- [psychoanalysis-system-api] [           main] o.s.jdbc.core.JdbcTemplate               : Executing prepared SQL statement [DELETE FROM patients]
2026-04-15T23:48:36.985-03:00 DEBUG 8216 --- [psychoanalysis-system-api] [           main] o.s.jdbc.core.JdbcTemplate               : Executing prepared SQL update
2026-04-15T23:48:36.985-03:00 DEBUG 8216 --- [psychoanalysis-system-api] [           main] o.s.jdbc.core.JdbcTemplate               : Executing prepared SQL statement [DELETE FROM psychologists]
2026-04-15T23:48:36.987-03:00 DEBUG 8216 --- [psychoanalysis-system-api] [           main] o.s.jdbc.core.JdbcTemplate               : Executing prepared SQL update
2026-04-15T23:48:36.987-03:00 DEBUG 8216 --- [psychoanalysis-system-api] [           main] o.s.jdbc.core.JdbcTemplate               : Executing prepared SQL statement [INSERT INTO patients (id, name, cpf, birth_date, email, phone, guardian_id, active, created_at, updated_at)
VALUES (?, ?, ?, ?, ?, ?, ?, ?, ?, ?)
]
2026-04-15T23:48:36.988-03:00 DEBUG 8216 --- [psychoanalysis-system-api] [           main] o.s.jdbc.core.JdbcTemplate               : Executing prepared SQL update
2026-04-15T23:48:36.988-03:00 DEBUG 8216 --- [psychoanalysis-system-api] [           main] o.s.jdbc.core.JdbcTemplate               : Executing prepared SQL statement [INSERT INTO psychologists (id, name, crp, specialty, base_session_rate, created_at, updated_at)
VALUES (?, ?, ?, ?, ?, ?, ?)
]
2026-04-15T23:48:36.990-03:00 DEBUG 8216 --- [psychoanalysis-system-api] [           main] o.s.jdbc.core.JdbcTemplate               : Executing prepared SQL query
2026-04-15T23:48:36.990-03:00 DEBUG 8216 --- [psychoanalysis-system-api] [           main] o.s.jdbc.core.JdbcTemplate               : Executing prepared SQL statement [SELECT * FROM appointments WHERE id = ?]
2026-04-15T23:48:36.994-03:00 DEBUG 8216 --- [psychoanalysis-system-api] [           main] o.s.jdbc.support.JdbcTransactionManager  : Initiating transaction rollback
2026-04-15T23:48:36.994-03:00 DEBUG 8216 --- [psychoanalysis-system-api] [           main] o.s.jdbc.support.JdbcTransactionManager  : Rolling back JDBC transaction on Connection [HikariProxyConnection@1402043538 wrapping org.postgresql.jdbc.PgConnection@4b336cc8]
2026-04-15T23:48:36.996-03:00 DEBUG 8216 --- [psychoanalysis-system-api] [           main] o.s.jdbc.support.JdbcTransactionManager  : Releasing JDBC Connection [HikariProxyConnection@1402043538 wrapping org.postgresql.jdbc.PgConnection@4b336cc8] after transaction
]]></system-out>
  </testcase>
</testsuite>