<?xml version="1.0" encoding="UTF-8"?>
<testsuite xmlns:xsi="http://www.w3.org/2001/XMLSchema-instance" xsi:noNamespaceSchemaLocation="https://maven.apache.org/surefire/maven-surefire-plugin/xsd/surefire-test-report.xsd" version="3.0.2" name="com.jjohnnys.psa.domain.PsychologistTest$Creation" time="0.011" tests="3" errors="0" skipped="0" failures="0">
  <properties>
[...]
</properties>
  <testcase name="shouldCreateWithValidData" classname="com.jjohnnys.psa.domain.PsychologistTest$Creation" time="0.006"/>
  <testcase name="shouldThrowWhenNameIsBlank" classname="com.jjohnnys.psa.domain.PsychologistTest$Creation" time="0.001"/>
  <testcase name="shouldThrowWhenSpecialtyIsNull" classname="com.jjohnnys.psa.domain.PsychologistTest$Creation" time="0.001"/>
</testsuite>